app/build/intermediates/manifest_merge_blame_file/debug/manifest-merger-blame-debug-report.txt
1<?xml version="1.0" encoding="utf-8"?>
2<manifest xmlns:android="http://schemas.android.com/apk/res/android"
3    package="org.pytorch.demo.objectdetection"
4    android:versionCode="1"
5    android:versionName="1.0" >
6
7    <uses-sdk
8        android:minSdkVersion="28"
8-->src/main/AndroidManifest.xml
9        android:targetSdkVersion="31" />
9-->src/main/AndroidManifest.xml
10
11    <uses-permission android:name="android.permission.READ_EXTERNAL_STORAGE" />
11-->src/main/AndroidManifest.xml:5:5-80
11-->src/main/AndroidManifest.xml:5:22-77
12    <uses-permission android:name="android.permission.CAMERA" />
12-->src/main/AndroidManifest.xml:6:5-65
12-->src/main/AndroidManifest.xml:6:22-62
13    <uses-permission android:name="android.permission.ACCESS_FINE_LOCATION" />
13-->src/main/AndroidManifest.xml:7:5-79
13-->src/main/AndroidManifest.xml:7:22-76
14    <uses-permission android:name="android.permission.ACCESS_COARSE_LOCATION" />
14-->src/main/AndroidManifest.xml:8:5-81
14-->src/main/AndroidManifest.xml:8:22-78
15    <uses-permission android:name="android.permission.INTERNET" />
15-->src/main/AndroidManifest.xml:9:5-67
15-->src/main/AndroidManifest.xml:9:22-64
16    <uses-permission android:name="android.permission.ACCESS_NETWORK_STATE" />
16-->[com.google.firebase:firebase-inappmessaging:20.1.2] AndroidManifest.xml:10:5-79
16-->[com.google.firebase:firebase-inappmessaging:20.1.2] AndroidManifest.xml:10:22-76
17
18    <uses-feature
18-->[com.google.android.gms:play-services-maps:17.0.0] AndroidManifest.xml:26:5-28:35
19        android:glEsVersion="0x00020000"
19-->[com.google.android.gms:play-services-maps:17.0.0] AndroidManifest.xml:27:9-41
20        android:required="true" />
20-->[com.google.android.gms:play-services-maps:17.0.0] AndroidManifest.xml:28:9-32
21
22    <queries>
22-->[androidx.wear.tiles:tiles:1.1.0] AndroidManifest.xml:7:5-11:15
23        <intent>
23-->[androidx.wear.tiles:tiles:1.1.0] AndroidManifest.xml:8:9-10:18
24            <action android:name="androidx.wear.tiles.action.BIND_UPDATE_REQUESTER" />
24-->[androidx.wear.tiles:tiles:1.1.0] AndroidManifest.xml:9:13-87
24-->[androidx.wear.tiles:tiles:1.1.0] AndroidManifest.xml:9:21-84
25        </intent>
26    </queries>
27
28    <application
28-->src/main/AndroidManifest.xml:11:5-61:19
29        android:allowBackup="true"
29-->src/main/AndroidManifest.xml:12:9-35
30        android:appComponentFactory="androidx.core.app.CoreComponentFactory"
30-->[androidx.core:core:1.5.0] AndroidManifest.xml:24:18-86
31        android:debuggable="true"
32        android:extractNativeLibs="false"
33        android:icon="@drawable/logo5"
33-->src/main/AndroidManifest.xml:13:9-39
34        android:label="@string/app_name"
34-->src/main/AndroidManifest.xml:14:9-41
35        android:supportsRtl="true"
35-->src/main/AndroidManifest.xml:15:9-35
36        android:testOnly="true"
37        android:theme="@style/AppTheme"
37-->src/main/AndroidManifest.xml:16:9-40
38        android:usesCleartextTraffic="true" >
38-->src/main/AndroidManifest.xml:17:9-44
39        <activity
39-->src/main/AndroidManifest.xml:18:9-20:40
40            android:name="org.pytorch.demo.objectdetection.FunFactActivity"
40-->src/main/AndroidManifest.xml:19:13-44
41            android:exported="false" />
41-->src/main/AndroidManifest.xml:20:13-37
42        <activity
42-->src/main/AndroidManifest.xml:21:9-25:59
43            android:name="org.pytorch.demo.objectdetection.DataActivity"
43-->src/main/AndroidManifest.xml:22:13-41
44            android:exported="false"
44-->src/main/AndroidManifest.xml:23:13-37
45            android:label="@string/title_activity_data"
45-->src/main/AndroidManifest.xml:24:13-56
46            android:theme="@style/AppTheme.NoActionBar" />
46-->src/main/AndroidManifest.xml:25:13-56
47        <activity
47-->src/main/AndroidManifest.xml:26:9-28:40
48            android:name="org.pytorch.demo.objectdetection.infoActivity"
48-->src/main/AndroidManifest.xml:27:13-41
49            android:exported="false" />
49-->src/main/AndroidManifest.xml:28:13-37
50        <activity
50-->src/main/AndroidManifest.xml:29:9-33:59
51            android:name="org.pytorch.demo.objectdetection.RegisterActivity"
51-->src/main/AndroidManifest.xml:30:13-45
52            android:exported="false"
52-->src/main/AndroidManifest.xml:31:13-37
53            android:label="@string/title_activity_register"
53-->src/main/AndroidManifest.xml:32:13-60
54            android:theme="@style/AppTheme.NoActionBar" />
54-->src/main/AndroidManifest.xml:33:13-56
55        <activity
55-->src/main/AndroidManifest.xml:34:9-38:59
56            android:name="org.pytorch.demo.objectdetection.LoginActivity"
56-->src/main/AndroidManifest.xml:35:13-42
57            android:exported="false"
57-->src/main/AndroidManifest.xml:36:13-37
58            android:label="@string/title_activity_login"
58-->src/main/AndroidManifest.xml:37:13-57
59            android:theme="@style/AppTheme.NoActionBar" />
59-->src/main/AndroidManifest.xml:38:13-56
60        <activity
60-->src/main/AndroidManifest.xml:39:9-41:39
61            android:name="org.pytorch.demo.objectdetection.MapsActivity"
61-->src/main/AndroidManifest.xml:40:13-41
62            android:exported="true" />
62-->src/main/AndroidManifest.xml:41:13-36
63        <activity
63-->src/main/AndroidManifest.xml:42:9-52:20
64            android:name="org.pytorch.demo.objectdetection.MainActivity"
64-->src/main/AndroidManifest.xml:43:13-41
65            android:configChanges="orientation"
65-->src/main/AndroidManifest.xml:44:13-48
66            android:exported="true"
66-->src/main/AndroidManifest.xml:45:13-36
67            android:screenOrientation="portrait" >
67-->src/main/AndroidManifest.xml:46:13-49
68            <intent-filter>
68-->src/main/AndroidManifest.xml:47:13-51:29
69                <action android:name="android.intent.action.MAIN" />
69-->src/main/AndroidManifest.xml:48:17-69
69-->src/main/AndroidManifest.xml:48:25-66
70
71                <category android:name="android.intent.category.LAUNCHER" />
71-->src/main/AndroidManifest.xml:50:17-77
71-->src/main/AndroidManifest.xml:50:27-74
72            </intent-filter>
73        </activity>
74        <activity
74-->src/main/AndroidManifest.xml:53:9-56:52
75            android:name="org.pytorch.demo.objectdetection.ObjectDetectionActivity"
75-->src/main/AndroidManifest.xml:54:13-52
76            android:configChanges="orientation"
76-->src/main/AndroidManifest.xml:55:13-48
77            android:screenOrientation="portrait" />
77-->src/main/AndroidManifest.xml:56:13-49
78
79        <meta-data
79-->src/main/AndroidManifest.xml:58:9-60:71
80            android:name="com.google.android.geo.API_KEY"
80-->src/main/AndroidManifest.xml:59:13-58
81            android:value="AIzaSyCCFaynglqjbiyLhXRoGTIr-p2eYaeEjM8" />
81-->src/main/AndroidManifest.xml:60:13-68
82
83        <service
83-->[com.google.firebase:firebase-inappmessaging:20.1.2] AndroidManifest.xml:14:9-20:19
84            android:name="com.google.firebase.components.ComponentDiscoveryService"
84-->[com.google.firebase:firebase-inappmessaging:20.1.2] AndroidManifest.xml:15:13-84
85            android:directBootAware="true"
85-->[com.google.firebase:firebase-common:20.1.0] AndroidManifest.xml:35:13-43
86            android:exported="false" >
86-->[com.google.firebase:firebase-inappmessaging:20.1.2] AndroidManifest.xml:16:13-37
87            <meta-data
87-->[com.google.firebase:firebase-inappmessaging:20.1.2] AndroidManifest.xml:17:13-19:85
88                android:name="com.google.firebase.components:com.google.firebase.inappmessaging.FirebaseInAppMessagingRegistrar"
88-->[com.google.firebase:firebase-inappmessaging:20.1.2] AndroidManifest.xml:18:17-129
89                android:value="com.google.firebase.components.ComponentRegistrar" />
89-->[com.google.firebase:firebase-inappmessaging:20.1.2] AndroidManifest.xml:19:17-82
90            <meta-data
90-->[com.google.firebase:firebase-abt:21.0.1] AndroidManifest.xml:13:13-15:85
91                android:name="com.google.firebase.components:com.google.firebase.abt.component.AbtRegistrar"
91-->[com.google.firebase:firebase-abt:21.0.1] AndroidManifest.xml:14:17-109
92                android:value="com.google.firebase.components.ComponentRegistrar" />
92-->[com.google.firebase:firebase-abt:21.0.1] AndroidManifest.xml:15:17-82
93            <meta-data
93-->[com.google.firebase:firebase-datatransport:18.1.1] AndroidManifest.xml:28:13-30:85
94                android:name="com.google.firebase.components:com.google.firebase.datatransport.TransportRegistrar"
94-->[com.google.firebase:firebase-datatransport:18.1.1] AndroidManifest.xml:29:17-115
95                android:value="com.google.firebase.components.ComponentRegistrar" />
95-->[com.google.firebase:firebase-datatransport:18.1.1] AndroidManifest.xml:30:17-82
96            <meta-data
96-->[com.google.firebase:firebase-installations:17.0.1] AndroidManifest.xml:18:13-20:85
97                android:name="com.google.firebase.components:com.google.firebase.installations.FirebaseInstallationsRegistrar"
97-->[com.google.firebase:firebase-installations:17.0.1] AndroidManifest.xml:19:17-127
98                android:value="com.google.firebase.components.ComponentRegistrar" />
98-->[com.google.firebase:firebase-installations:17.0.1] AndroidManifest.xml:20:17-82
99        </service>
100
101        <provider
101-->[androidx.camera:camera-camera2:1.0.0-alpha05] AndroidManifest.xml:25:9-30:43
102            android:name="androidx.camera.camera2.impl.Camera2Initializer"
102-->[androidx.camera:camera-camera2:1.0.0-alpha05] AndroidManifest.xml:26:13-75
103            android:authorities="org.pytorch.demo.objectdetection.camerax-init"
103-->[androidx.camera:camera-camera2:1.0.0-alpha05] AndroidManifest.xml:27:13-64
104            android:exported="false"
104-->[androidx.camera:camera-camera2:1.0.0-alpha05] AndroidManifest.xml:28:13-37
105            android:initOrder="100"
105-->[androidx.camera:camera-camera2:1.0.0-alpha05] AndroidManifest.xml:29:13-36
106            android:multiprocess="true" /> <!-- Needs to be explicitly declared on P+ -->
106-->[androidx.camera:camera-camera2:1.0.0-alpha05] AndroidManifest.xml:30:13-40
107        <uses-library
107-->[com.google.android.gms:play-services-maps:17.0.0] AndroidManifest.xml:33:9-35:40
108            android:name="org.apache.http.legacy"
108-->[com.google.android.gms:play-services-maps:17.0.0] AndroidManifest.xml:34:13-50
109            android:required="false" />
109-->[com.google.android.gms:play-services-maps:17.0.0] AndroidManifest.xml:35:13-37
110
111        <activity
111-->[com.google.android.gms:play-services-base:17.0.0] AndroidManifest.xml:23:9-26:75
112            android:name="com.google.android.gms.common.api.GoogleApiActivity"
112-->[com.google.android.gms:play-services-base:17.0.0] AndroidManifest.xml:24:13-79
113            android:exported="false"
113-->[com.google.android.gms:play-services-base:17.0.0] AndroidManifest.xml:25:13-37
114            android:theme="@android:style/Theme.Translucent.NoTitleBar" />
114-->[com.google.android.gms:play-services-base:17.0.0] AndroidManifest.xml:26:13-72
115
116        <provider
116-->[com.google.firebase:firebase-common:20.1.0] AndroidManifest.xml:26:9-31:39
117            android:name="com.google.firebase.provider.FirebaseInitProvider"
117-->[com.google.firebase:firebase-common:20.1.0] AndroidManifest.xml:27:13-77
118            android:authorities="org.pytorch.demo.objectdetection.firebaseinitprovider"
118-->[com.google.firebase:firebase-common:20.1.0] AndroidManifest.xml:28:13-72
119            android:directBootAware="true"
119-->[com.google.firebase:firebase-common:20.1.0] AndroidManifest.xml:29:13-43
120            android:exported="false"
120-->[com.google.firebase:firebase-common:20.1.0] AndroidManifest.xml:30:13-37
121            android:initOrder="100" />
121-->[com.google.firebase:firebase-common:20.1.0] AndroidManifest.xml:31:13-36
122
123        <meta-data
123-->[com.google.android.gms:play-services-basement:18.0.0] AndroidManifest.xml:21:9-23:69
124            android:name="com.google.android.gms.version"
124-->[com.google.android.gms:play-services-basement:18.0.0] AndroidManifest.xml:22:13-58
125            android:value="@integer/google_play_services_version" />
125-->[com.google.android.gms:play-services-basement:18.0.0] AndroidManifest.xml:23:13-66
126
127        <uses-library
127-->[androidx.window:window:1.0.0] AndroidManifest.xml:25:9-27:40
128            android:name="androidx.window.extensions"
128-->[androidx.window:window:1.0.0] AndroidManifest.xml:26:13-54
129            android:required="false" />
129-->[androidx.window:window:1.0.0] AndroidManifest.xml:27:13-37
130        <uses-library
130-->[androidx.window:window:1.0.0] AndroidManifest.xml:28:9-30:40
131            android:name="androidx.window.sidecar"
131-->[androidx.window:window:1.0.0] AndroidManifest.xml:29:13-51
132            android:required="false" />
132-->[androidx.window:window:1.0.0] AndroidManifest.xml:30:13-37
133
134        <service
134-->[com.google.android.datatransport:transport-backend-cct:3.1.1] AndroidManifest.xml:29:9-35:19
135            android:name="com.google.android.datatransport.runtime.backends.TransportBackendDiscovery"
135-->[com.google.android.datatransport:transport-backend-cct:3.1.1] AndroidManifest.xml:30:13-103
136            android:exported="false" >
136-->[com.google.android.datatransport:transport-backend-cct:3.1.1] AndroidManifest.xml:31:13-37
137            <meta-data
137-->[com.google.android.datatransport:transport-backend-cct:3.1.1] AndroidManifest.xml:32:13-34:39
138                android:name="backend:com.google.android.datatransport.cct.CctBackendFactory"
138-->[com.google.android.datatransport:transport-backend-cct:3.1.1] AndroidManifest.xml:33:17-94
139                android:value="cct" />
139-->[com.google.android.datatransport:transport-backend-cct:3.1.1] AndroidManifest.xml:34:17-36
140        </service>
141        <service
141-->[com.google.android.datatransport:transport-runtime:3.1.1] AndroidManifest.xml:26:9-30:19
142            android:name="com.google.android.datatransport.runtime.scheduling.jobscheduling.JobInfoSchedulerService"
142-->[com.google.android.datatransport:transport-runtime:3.1.1] AndroidManifest.xml:27:13-117
143            android:exported="false"
143-->[com.google.android.datatransport:transport-runtime:3.1.1] AndroidManifest.xml:28:13-37
144            android:permission="android.permission.BIND_JOB_SERVICE" >
144-->[com.google.android.datatransport:transport-runtime:3.1.1] AndroidManifest.xml:29:13-69
145        </service>
146
147        <receiver
147-->[com.google.android.datatransport:transport-runtime:3.1.1] AndroidManifest.xml:32:9-34:40
148            android:name="com.google.android.datatransport.runtime.scheduling.jobscheduling.AlarmManagerSchedulerBroadcastReceiver"
148-->[com.google.android.datatransport:transport-runtime:3.1.1] AndroidManifest.xml:33:13-132
149            android:exported="false" />
149-->[com.google.android.datatransport:transport-runtime:3.1.1] AndroidManifest.xml:34:13-37
150    </application>
151
152</manifest>